4/10/2023 6:08:47 PM	This log contains information about the import schema operation into project 'Database1' on computer 'DESKTOP-RK5NMCI' by user 'Anita'.
4/10/2023 6:08:47 PM	Import of database schema has started.
4/10/2023 6:08:54 PM	Gathering database credentials
4/10/2023 6:08:54 PM	Gathering database options
4/10/2023 6:08:54 PM	Gathering generic database scoped configuration option
4/10/2023 6:08:54 PM	Gathering users
4/10/2023 6:08:54 PM	Gathering roles
4/10/2023 6:08:54 PM	Gathering application roles
4/10/2023 6:08:54 PM	Gathering role memberships
4/10/2023 6:08:54 PM	Gathering filegroups
4/10/2023 6:08:54 PM	Gathering full-text catalogs
4/10/2023 6:08:54 PM	Gathering assemblies
4/10/2023 6:08:54 PM	Gathering certificates
4/10/2023 6:08:54 PM	Gathering asymmetric keys
4/10/2023 6:08:54 PM	Gathering symmetric keys
4/10/2023 6:08:54 PM	Gathering encrypted symmetric keys
4/10/2023 6:08:54 PM	Gathering schemas
4/10/2023 6:08:54 PM	Gathering XML schema collections
4/10/2023 6:08:54 PM	Gathering user-defined data types
4/10/2023 6:08:54 PM	Gathering user-defined types
4/10/2023 6:08:54 PM	Gathering table types
4/10/2023 6:08:54 PM	Gathering unique keys for table types
4/10/2023 6:08:54 PM	Gathering primary keys for table types
4/10/2023 6:08:54 PM	Gathering indexes for table types
4/10/2023 6:08:54 PM	Gathering check constraints for table types
4/10/2023 6:08:54 PM	Gathering default constraints for table types
4/10/2023 6:08:54 PM	Gathering partition functions
4/10/2023 6:08:54 PM	Gathering partition schemes
4/10/2023 6:08:54 PM	Gathering functions
4/10/2023 6:08:54 PM	Gathering encrypted functions
4/10/2023 6:08:54 PM	Gathering aggregates
4/10/2023 6:08:54 PM	Gathering procedures
4/10/2023 6:08:54 PM	Gathering encrypted procedures
4/10/2023 6:08:54 PM	Gathering tables
4/10/2023 6:08:54 PM	Gathering primary keys
4/10/2023 6:08:54 PM	Gathering unique constraints
4/10/2023 6:08:54 PM	Gathering foreign keys
4/10/2023 6:08:54 PM	Gathering default constraints
4/10/2023 6:08:54 PM	Gathering check constraints
4/10/2023 6:08:54 PM	Gathering views
4/10/2023 6:08:54 PM	Gathering encrypted views
4/10/2023 6:08:54 PM	Gathering indexes
4/10/2023 6:08:54 PM	Gathering statistics
4/10/2023 6:08:54 PM	Gathering full-text index stoplists
4/10/2023 6:08:54 PM	Gathering search property lists
4/10/2023 6:08:54 PM	Gathering search properties
4/10/2023 6:08:54 PM	Gathering full-text indexes
4/10/2023 6:08:54 PM	Gathering column store indexes
4/10/2023 6:08:54 PM	Gathering spatial indexes
4/10/2023 6:08:54 PM	Gathering XML indexes
4/10/2023 6:08:54 PM	Gathering Selective XML indexes
4/10/2023 6:08:54 PM	Gathering encrypted triggers
4/10/2023 6:08:54 PM	Gathering triggers
4/10/2023 6:08:54 PM	Gathering encrypted and clr ddl triggers
4/10/2023 6:08:54 PM	Gathering ddl triggers
4/10/2023 6:08:54 PM	Creating edge constraints
4/10/2023 6:08:54 PM	Gathering synonyms
4/10/2023 6:08:54 PM	Gathering defaults
4/10/2023 6:08:54 PM	Gathering data constraint uddt bindings
4/10/2023 6:08:54 PM	Gathering rules
4/10/2023 6:08:54 PM	Gathering data constraint uddt bindings
4/10/2023 6:08:54 PM	Gathering message types
4/10/2023 6:08:54 PM	Gathering queues
4/10/2023 6:08:54 PM	Gathering contracts
4/10/2023 6:08:54 PM	Gathering services
4/10/2023 6:08:54 PM	Gathering event notifications
4/10/2023 6:08:54 PM	Gathering remote service bindings
4/10/2023 6:08:54 PM	Gathering broker priorities
4/10/2023 6:08:54 PM	Gathering signatures
4/10/2023 6:08:54 PM	Gathering data compression options
4/10/2023 6:08:54 PM	Gathering sequence types
4/10/2023 6:08:54 PM	Gathering security policies
4/10/2023 6:08:54 PM	Gather column encryption keys
4/10/2023 6:08:54 PM	Gathering column master keys
4/10/2023 6:08:54 PM	Gathering external data sources
4/10/2023 6:08:54 PM	Gathering external file formats
4/10/2023 6:08:54 PM	Gathering external tables
4/10/2023 6:08:54 PM	Gathering extended properties
4/10/2023 6:08:54 PM	Gathering assemblies
4/10/2023 6:08:54 PM	Gathering credentials
4/10/2023 6:08:54 PM	Gathering logins
4/10/2023 6:08:54 PM	Gathering server audits
4/10/2023 6:08:55 PM	Finished importing database.
4/10/2023 6:08:55 PM	A summary of the import was saved to the following location: C:\Users\Anita\source\repos\Database1\Import Schema Logs\Database1_20230410100847.log
4/10/2023 6:08:55 PM	Click Finish to continue...
